# JRE version: Java(TM) SE Runtime Environment (8.0_261-b12) (build 1.8.0_261-b12)
# Java VM: Java HotSpot(TM) 64-Bit Server VM (25.261-b12 mixed mode windows-amd64 compressed oops)
Heap:
 PSYoungGen      total 46592K, used 15877K [0x00000000e0900000, 0x00000000e6700000, 0x0000000100000000)
  eden space 39424K, 22% used [0x00000000e0900000,0x00000000e1187490,0x00000000e2f80000)
  from space 7168K, 99% used [0x00000000e2f80000,0x00000000e367a350,0x00000000e3680000)
  to   space 8704K, 0% used [0x00000000e5e80000,0x00000000e5e80000,0x00000000e6700000)
 ParOldGen       total 65536K, used 8962K [0x00000000a1a00000, 0x00000000a5a00000, 0x00000000e0900000)
  object space 65536K, 13% used [0x00000000a1a00000,0x00000000a22c0ab8,0x00000000a5a00000)
 Metaspace       used 18095K, capacity 18500K, committed 18688K, reserved 1064960K
  class space    used 2180K, capacity 2291K, committed 2304K, reserved 1048576K
GC Heap History (10 events):
Event: 5.113 GC heap before
{Heap before GC invocations=3 (full 0):
 PSYoungGen      total 28672K, used 28648K [0x00000000e0900000, 0x00000000e4100000, 0x0000000100000000)
  eden space 24576K, 100% used [0x00000000e0900000,0x00000000e2100000,0x00000000e2100000)
  from space 4096K, 99% used [0x00000000e2500000,0x00000000e28fa2d8,0x00000000e2900000)
  to   space 4096K, 0% used [0x00000000e2100000,0x00000000e2100000,0x00000000e2500000)
 ParOldGen       total 65536K, used 1138K [0x00000000a1a00000, 0x00000000a5a00000, 0x00000000e0900000)
  object space 65536K, 1% used [0x00000000a1a00000,0x00000000a1b1cbd0,0x00000000a5a00000)
 Metaspace       used 12242K, capacity 12442K, committed 12672K, reserved 1060864K
  class space    used 1531K, capacity 1608K, committed 1664K, reserved 1048576K
Event: 5.120 GC heap after
Heap after GC invocations=3 (full 0):
 PSYoungGen      total 28672K, used 4094K [0x00000000e0900000, 0x00000000e4100000, 0x0000000100000000)
  eden space 24576K, 0% used [0x00000000e0900000,0x00000000e0900000,0x00000000e2100000)
  from space 4096K, 99% used [0x00000000e2100000,0x00000000e24ff9d8,0x00000000e2500000)
  to   space 4096K, 0% used [0x00000000e3d00000,0x00000000e3d00000,0x00000000e4100000)
 ParOldGen       total 65536K, used 2895K [0x00000000a1a00000, 0x00000000a5a00000, 0x00000000e0900000)
  object space 65536K, 4% used [0x00000000a1a00000,0x00000000a1cd3d40,0x00000000a5a00000)
 Metaspace       used 12242K, capacity 12442K, committed 12672K, reserved 1060864K
  class space    used 1531K, capacity 1608K, committed 1664K, reserved 1048576K
}
Event: 6.858 GC heap before
{Heap before GC invocations=4 (full 0):
 PSYoungGen      total 28672K, used 28670K [0x00000000e0900000, 0x00000000e4100000, 0x0000000100000000)
  eden space 24576K, 100% used [0x00000000e0900000,0x00000000e2100000,0x00000000e2100000)
  from space 4096K, 99% used [0x00000000e2100000,0x00000000e24ff9d8,0x00000000e2500000)
  to   space 4096K, 0% used [0x00000000e3d00000,0x00000000e3d00000,0x00000000e4100000)
 ParOldGen       total 65536K, used 2895K [0x00000000a1a00000, 0x00000000a5a00000, 0x00000000e0900000)
  object space 65536K, 4% used [0x00000000a1a00000,0x00000000a1cd3d40,0x00000000a5a00000)
 Metaspace       used 15147K, capacity 15466K, committed 15872K, reserved 1062912K
  class space    used 1843K, capacity 1944K, committed 2048K, reserved 1048576K
Event: 6.869 GC heap after
Heap after GC invocations=4 (full 0):
 PSYoungGen      total 28672K, used 4080K [0x00000000e0900000, 0x00000000e4100000, 0x0000000100000000)
  eden space 24576K, 0% used [0x00000000e0900000,0x00000000e0900000,0x00000000e2100000)
  from space 4096K, 99% used [0x00000000e3d00000,0x00000000e40fc010,0x00000000e4100000)
  to   space 4096K, 0% used [0x00000000e2100000,0x00000000e2100000,0x00000000e2500000)
 ParOldGen       total 65536K, used 5389K [0x00000000a1a00000, 0x00000000a5a00000, 0x00000000e0900000)
  object space 65536K, 8% used [0x00000000a1a00000,0x00000000a1f43408,0x00000000a5a00000)
 Metaspace       used 15147K, capacity 15466K, committed 15872K, reserved 1062912K
  class space    used 1843K, capacity 1944K, committed 2048K, reserved 1048576K
}
Event: 8.238 GC heap before
{Heap before GC invocations=5 (full 0):
 PSYoungGen      total 28672K, used 28656K [0x00000000e0900000, 0x00000000e4100000, 0x0000000100000000)
  eden space 24576K, 100% used [0x00000000e0900000,0x00000000e2100000,0x00000000e2100000)
  from space 4096K, 99% used [0x00000000e3d00000,0x00000000e40fc010,0x00000000e4100000)
  to   space 4096K, 0% used [0x00000000e2100000,0x00000000e2100000,0x00000000e2500000)
 ParOldGen       total 65536K, used 5389K [0x00000000a1a00000, 0x00000000a5a00000, 0x00000000e0900000)
  object space 65536K, 8% used [0x00000000a1a00000,0x00000000a1f43408,0x00000000a5a00000)
 Metaspace       used 15607K, capacity 15894K, committed 16128K, reserved 1062912K
  class space    used 1873K, capacity 1978K, committed 2048K, reserved 1048576K
Event: 8.249 GC heap after
Heap after GC invocations=5 (full 0):
 PSYoungGen      total 28160K, used 4096K [0x00000000e0900000, 0x00000000e3d80000, 0x0000000100000000)
  eden space 24064K, 0% used [0x00000000e0900000,0x00000000e0900000,0x00000000e2080000)
  from space 4096K, 100% used [0x00000000e2100000,0x00000000e2500000,0x00000000e2500000)
  to   space 7168K, 0% used [0x00000000e3680000,0x00000000e3680000,0x00000000e3d80000)
 ParOldGen       total 65536K, used 7225K [0x00000000a1a00000, 0x00000000a5a00000, 0x00000000e0900000)
  object space 65536K, 11% used [0x00000000a1a00000,0x00000000a210e658,0x00000000a5a00000)
 Metaspace       used 15607K, capacity 15894K, committed 16128K, reserved 1062912K
  class space    used 1873K, capacity 1978K, committed 2048K, reserved 1048576K
}
Event: 9.730 GC heap before
{Heap before GC invocations=6 (full 0):
 PSYoungGen      total 28160K, used 28160K [0x00000000e0900000, 0x00000000e3d80000, 0x0000000100000000)
  eden space 24064K, 100% used [0x00000000e0900000,0x00000000e2080000,0x00000000e2080000)
  from space 4096K, 100% used [0x00000000e2100000,0x00000000e2500000,0x00000000e2500000)
  to   space 7168K, 0% used [0x00000000e3680000,0x00000000e3680000,0x00000000e3d80000)
 ParOldGen       total 65536K, used 7225K [0x00000000a1a00000, 0x00000000a5a00000, 0x00000000e0900000)
  object space 65536K, 11% used [0x00000000a1a00000,0x00000000a210e658,0x00000000a5a00000)
 Metaspace       used 15904K, capacity 16214K, committed 16384K, reserved 1062912K
  class space    used 1876K, capacity 1978K, committed 2048K, reserved 1048576K
Event: 9.756 GC heap after
Heap after GC invocations=6 (full 0):
 PSYoungGen      total 46592K, used 5360K [0x00000000e0900000, 0x00000000e4600000, 0x0000000100000000)
  eden space 39424K, 0% used [0x00000000e0900000,0x00000000e0900000,0x00000000e2f80000)
  from space 7168K, 74% used [0x00000000e3680000,0x00000000e3bbc010,0x00000000e3d80000)
  to   space 7168K, 0% used [0x00000000e2f80000,0x00000000e2f80000,0x00000000e3680000)
 ParOldGen       total 65536K, used 7233K [0x00000000a1a00000, 0x00000000a5a00000, 0x00000000e0900000)
  object space 65536K, 11% used [0x00000000a1a00000,0x00000000a2110658,0x00000000a5a00000)
 Metaspace       used 15904K, capacity 16214K, committed 16384K, reserved 1062912K
  class space    used 1876K, capacity 1978K, committed 2048K, reserved 1048576K
}
Event: 12.648 GC heap before
{Heap before GC invocations=7 (full 0):
 PSYoungGen      total 46592K, used 44784K [0x00000000e0900000, 0x00000000e4600000, 0x0000000100000000)
  eden space 39424K, 100% used [0x00000000e0900000,0x00000000e2f80000,0x00000000e2f80000)
  from space 7168K, 74% used [0x00000000e3680000,0x00000000e3bbc010,0x00000000e3d80000)
  to   space 7168K, 0% used [0x00000000e2f80000,0x00000000e2f80000,0x00000000e3680000)
 ParOldGen       total 65536K, used 7233K [0x00000000a1a00000, 0x00000000a5a00000, 0x00000000e0900000)
  object space 65536K, 11% used [0x00000000a1a00000,0x00000000a2110658,0x00000000a5a00000)
 Metaspace       used 17829K, capacity 18202K, committed 18432K, reserved 1064960K
  class space    used 2156K, capacity 2254K, committed 2304K, reserved 1048576K
Event: 12.672 GC heap after
Heap after GC invocations=7 (full 0):
 PSYoungGen      total 46592K, used 7144K [0x00000000e0900000, 0x00000000e6700000, 0x0000000100000000)
  eden space 39424K, 0% used [0x00000000e0900000,0x00000000e0900000,0x00000000e2f80000)
  from space 7168K, 99% used [0x00000000e2f80000,0x00000000e367a350,0x00000000e3680000)
  to   space 8704K, 0% used [0x00000000e5e80000,0x00000000e5e80000,0x00000000e6700000)
 ParOldGen       total 65536K, used 8962K [0x00000000a1a00000, 0x00000000a5a00000, 0x00000000e0900000)
  object space 65536K, 13% used [0x00000000a1a00000,0x00000000a22c0ab8,0x00000000a5a00000)
 Metaspace       used 17829K, capacity 18202K, committed 18432K, reserved 1064960K
  class space    used 2156K, capacity 2254K, committed 2304K, reserved 1048576K
}

